/Users/g5/Documents/GitHub/next-loader/src/edk2/UDK2018/MyWorkSpace/Build/NT32IA32/DEBUG_MYTOOLS/IA32/MdeModulePkg/Library/DxeReportStatusCodeLib/DxeReportStatusCodeLib/OUTPUT/DxeReportStatusCodeLib.lib
/Users/g5/Documents/GitHub/next-loader/src/edk2/UDK2018/MyWorkSpace/Build/NT32IA32/DEBUG_MYTOOLS/IA32/MdePkg/Library/DxePcdLib/DxePcdLib/OUTPUT/DxePcdLib.lib
/Users/g5/Documents/GitHub/next-loader/src/edk2/UDK2018/MyWorkSpace/Build/NT32IA32/DEBUG_MYTOOLS/IA32/MdePkg/Library/BaseMemoryLibOptDxe/BaseMemoryLibOptDxe/OUTPUT/BaseMemoryLibOptDxe.lib
/Users/g5/Documents/GitHub/next-loader/src/edk2/UDK2018/MyWorkSpace/Build/NT32IA32/DEBUG_MYTOOLS/IA32/MdePkg/Library/BaseLib/BaseLib/OUTPUT/BaseLib.lib
/Users/g5/Documents/GitHub/next-loader/src/edk2/UDK2018/MyWorkSpace/Build/NT32IA32/DEBUG_MYTOOLS/IA32/MdeModulePkg/Library/PeiDxeDebugLibReportStatusCode/PeiDxeDebugLibReportStatusCode/OUTPUT/PeiDxeDebugLibReportStatusCode.lib
/Users/g5/Documents/GitHub/next-loader/src/edk2/UDK2018/MyWorkSpace/Build/NT32IA32/DEBUG_MYTOOLS/IA32/MdePkg/Library/UefiBootServicesTableLib/UefiBootServicesTableLib/OUTPUT/UefiBootServicesTableLib.lib
/Users/g5/Documents/GitHub/next-loader/src/edk2/UDK2018/MyWorkSpace/Build/NT32IA32/DEBUG_MYTOOLS/IA32/MdePkg/Library/UefiMemoryAllocationLib/UefiMemoryAllocationLib/OUTPUT/UefiMemoryAllocationLib.lib
/Users/g5/Documents/GitHub/next-loader/src/edk2/UDK2018/MyWorkSpace/Build/NT32IA32/DEBUG_MYTOOLS/IA32/MdeModulePkg/Library/DxePrintLibPrint2Protocol/DxePrintLibPrint2Protocol/OUTPUT/DxePrintLibPrint2Protocol.lib
/Users/g5/Documents/GitHub/next-loader/src/edk2/UDK2018/MyWorkSpace/Build/NT32IA32/DEBUG_MYTOOLS/IA32/MdePkg/Library/UefiDevicePathLibDevicePathProtocol/UefiDevicePathLibDevicePathProtocol/OUTPUT/UefiDevicePathLibDevicePathProtocol.lib
/Users/g5/Documents/GitHub/next-loader/src/edk2/UDK2018/MyWorkSpace/Build/NT32IA32/DEBUG_MYTOOLS/IA32/MdePkg/Library/UefiRuntimeServicesTableLib/UefiRuntimeServicesTableLib/OUTPUT/UefiRuntimeServicesTableLib.lib
/Users/g5/Documents/GitHub/next-loader/src/edk2/UDK2018/MyWorkSpace/Build/NT32IA32/DEBUG_MYTOOLS/IA32/MdePkg/Library/UefiLib/UefiLib/OUTPUT/UefiLib.lib
/Users/g5/Documents/GitHub/next-loader/src/edk2/UDK2018/MyWorkSpace/Build/NT32IA32/DEBUG_MYTOOLS/IA32/MdePkg/Library/DxeHobLib/DxeHobLib/OUTPUT/DxeHobLib.lib
/Users/g5/Documents/GitHub/next-loader/src/edk2/UDK2018/MyWorkSpace/Build/NT32IA32/DEBUG_MYTOOLS/IA32/MdeModulePkg/Library/DxeDebugPrintErrorLevelLib/DxeDebugPrintErrorLevelLib/OUTPUT/DxeDebugPrintErrorLevelLib.lib
/Users/g5/Documents/GitHub/next-loader/src/edk2/UDK2018/MyWorkSpace/Build/NT32IA32/DEBUG_MYTOOLS/IA32/MdeModulePkg/Library/UefiHiiServicesLib/UefiHiiServicesLib/OUTPUT/UefiHiiServicesLib.lib
/Users/g5/Documents/GitHub/next-loader/src/edk2/UDK2018/MyWorkSpace/Build/NT32IA32/DEBUG_MYTOOLS/IA32/MdeModulePkg/Library/UefiSortLib/UefiSortLib/OUTPUT/UefiSortLib.lib
/Users/g5/Documents/GitHub/next-loader/src/edk2/UDK2018/MyWorkSpace/Build/NT32IA32/DEBUG_MYTOOLS/IA32/MdePkg/Library/DxeServicesLib/DxeServicesLib/OUTPUT/DxeServicesLib.lib
/Users/g5/Documents/GitHub/next-loader/src/edk2/UDK2018/MyWorkSpace/Build/NT32IA32/DEBUG_MYTOOLS/IA32/MdePkg/Library/DxeServicesTableLib/DxeServicesTableLib/OUTPUT/DxeServicesTableLib.lib
/Users/g5/Documents/GitHub/next-loader/src/edk2/UDK2018/MyWorkSpace/Build/NT32IA32/DEBUG_MYTOOLS/IA32/MdePkg/Library/BasePeCoffGetEntryPointLib/BasePeCoffGetEntryPointLib/OUTPUT/BasePeCoffGetEntryPointLib.lib
/Users/g5/Documents/GitHub/next-loader/src/edk2/UDK2018/MyWorkSpace/Build/NT32IA32/DEBUG_MYTOOLS/IA32/MdePkg/Library/BasePerformanceLibNull/BasePerformanceLibNull/OUTPUT/BasePerformanceLibNull.lib
/Users/g5/Documents/GitHub/next-loader/src/edk2/UDK2018/MyWorkSpace/Build/NT32IA32/DEBUG_MYTOOLS/IA32/MdeModulePkg/Library/UefiHiiLib/UefiHiiLib/OUTPUT/UefiHiiLib.lib
/Users/g5/Documents/GitHub/next-loader/src/edk2/UDK2018/MyWorkSpace/Build/NT32IA32/DEBUG_MYTOOLS/IA32/MdeModulePkg/Library/UefiBootManagerLib/UefiBootManagerLib/OUTPUT/UefiBootManagerLib.lib
/Users/g5/Documents/GitHub/next-loader/src/edk2/UDK2018/MyWorkSpace/Build/NT32IA32/DEBUG_MYTOOLS/IA32/MdePkg/Library/UefiApplicationEntryPoint/UefiApplicationEntryPoint/OUTPUT/UefiApplicationEntryPoint.lib
/Users/g5/Documents/GitHub/next-loader/src/edk2/UDK2018/MyWorkSpace/Build/NT32IA32/DEBUG_MYTOOLS/IA32/IntelFrameworkModulePkg/Library/LegacyBootManagerLib/LegacyBootManagerLib/OUTPUT/LegacyBootManagerLib.lib
/Users/g5/Documents/GitHub/next-loader/src/edk2/UDK2018/MyWorkSpace/Build/NT32IA32/DEBUG_MYTOOLS/IA32/MdeModulePkg/Application/BootManagerMenuApp/BootManagerMenuApp/OUTPUT/BootManagerMenuApp.lib