/Users/g5/Documents/GitHub/next-loader/src/edk2/UDK2018/MyWorkSpace/Build/NT32IA32/DEBUG_MYTOOLS/IA32/MdePkg/Library/BaseMemoryLibOptPei/BaseMemoryLibOptPei/OUTPUT/Ia32/ScanMem64.obj
/Users/g5/Documents/GitHub/next-loader/src/edk2/UDK2018/MyWorkSpace/Build/NT32IA32/DEBUG_MYTOOLS/IA32/MdePkg/Library/BaseMemoryLibOptPei/BaseMemoryLibOptPei/OUTPUT/Ia32/ScanMem32.obj
/Users/g5/Documents/GitHub/next-loader/src/edk2/UDK2018/MyWorkSpace/Build/NT32IA32/DEBUG_MYTOOLS/IA32/MdePkg/Library/BaseMemoryLibOptPei/BaseMemoryLibOptPei/OUTPUT/Ia32/ScanMem16.obj
/Users/g5/Documents/GitHub/next-loader/src/edk2/UDK2018/MyWorkSpace/Build/NT32IA32/DEBUG_MYTOOLS/IA32/MdePkg/Library/BaseMemoryLibOptPei/BaseMemoryLibOptPei/OUTPUT/Ia32/ScanMem8.obj
/Users/g5/Documents/GitHub/next-loader/src/edk2/UDK2018/MyWorkSpace/Build/NT32IA32/DEBUG_MYTOOLS/IA32/MdePkg/Library/BaseMemoryLibOptPei/BaseMemoryLibOptPei/OUTPUT/Ia32/CompareMem.obj
/Users/g5/Documents/GitHub/next-loader/src/edk2/UDK2018/MyWorkSpace/Build/NT32IA32/DEBUG_MYTOOLS/IA32/MdePkg/Library/BaseMemoryLibOptPei/BaseMemoryLibOptPei/OUTPUT/Ia32/ZeroMem.obj
/Users/g5/Documents/GitHub/next-loader/src/edk2/UDK2018/MyWorkSpace/Build/NT32IA32/DEBUG_MYTOOLS/IA32/MdePkg/Library/BaseMemoryLibOptPei/BaseMemoryLibOptPei/OUTPUT/Ia32/SetMem64.obj
/Users/g5/Documents/GitHub/next-loader/src/edk2/UDK2018/MyWorkSpace/Build/NT32IA32/DEBUG_MYTOOLS/IA32/MdePkg/Library/BaseMemoryLibOptPei/BaseMemoryLibOptPei/OUTPUT/Ia32/SetMem32.obj
/Users/g5/Documents/GitHub/next-loader/src/edk2/UDK2018/MyWorkSpace/Build/NT32IA32/DEBUG_MYTOOLS/IA32/MdePkg/Library/BaseMemoryLibOptPei/BaseMemoryLibOptPei/OUTPUT/Ia32/SetMem16.obj
/Users/g5/Documents/GitHub/next-loader/src/edk2/UDK2018/MyWorkSpace/Build/NT32IA32/DEBUG_MYTOOLS/IA32/MdePkg/Library/BaseMemoryLibOptPei/BaseMemoryLibOptPei/OUTPUT/Ia32/SetMem.obj
/Users/g5/Documents/GitHub/next-loader/src/edk2/UDK2018/MyWorkSpace/Build/NT32IA32/DEBUG_MYTOOLS/IA32/MdePkg/Library/BaseMemoryLibOptPei/BaseMemoryLibOptPei/OUTPUT/Ia32/CopyMem.obj
/Users/g5/Documents/GitHub/next-loader/src/edk2/UDK2018/MyWorkSpace/Build/NT32IA32/DEBUG_MYTOOLS/IA32/MdePkg/Library/BaseMemoryLibOptPei/BaseMemoryLibOptPei/OUTPUT/Ia32/IsZeroBuffer.obj
/Users/g5/Documents/GitHub/next-loader/src/edk2/UDK2018/MyWorkSpace/Build/NT32IA32/DEBUG_MYTOOLS/IA32/MdePkg/Library/BaseMemoryLibOptPei/BaseMemoryLibOptPei/OUTPUT/ScanMem64Wrapper.obj
/Users/g5/Documents/GitHub/next-loader/src/edk2/UDK2018/MyWorkSpace/Build/NT32IA32/DEBUG_MYTOOLS/IA32/MdePkg/Library/BaseMemoryLibOptPei/BaseMemoryLibOptPei/OUTPUT/ScanMem32Wrapper.obj
/Users/g5/Documents/GitHub/next-loader/src/edk2/UDK2018/MyWorkSpace/Build/NT32IA32/DEBUG_MYTOOLS/IA32/MdePkg/Library/BaseMemoryLibOptPei/BaseMemoryLibOptPei/OUTPUT/ScanMem16Wrapper.obj
/Users/g5/Documents/GitHub/next-loader/src/edk2/UDK2018/MyWorkSpace/Build/NT32IA32/DEBUG_MYTOOLS/IA32/MdePkg/Library/BaseMemoryLibOptPei/BaseMemoryLibOptPei/OUTPUT/ScanMem8Wrapper.obj
/Users/g5/Documents/GitHub/next-loader/src/edk2/UDK2018/MyWorkSpace/Build/NT32IA32/DEBUG_MYTOOLS/IA32/MdePkg/Library/BaseMemoryLibOptPei/BaseMemoryLibOptPei/OUTPUT/ZeroMemWrapper.obj
/Users/g5/Documents/GitHub/next-loader/src/edk2/UDK2018/MyWorkSpace/Build/NT32IA32/DEBUG_MYTOOLS/IA32/MdePkg/Library/BaseMemoryLibOptPei/BaseMemoryLibOptPei/OUTPUT/CompareMemWrapper.obj
/Users/g5/Documents/GitHub/next-loader/src/edk2/UDK2018/MyWorkSpace/Build/NT32IA32/DEBUG_MYTOOLS/IA32/MdePkg/Library/BaseMemoryLibOptPei/BaseMemoryLibOptPei/OUTPUT/SetMem64Wrapper.obj
/Users/g5/Documents/GitHub/next-loader/src/edk2/UDK2018/MyWorkSpace/Build/NT32IA32/DEBUG_MYTOOLS/IA32/MdePkg/Library/BaseMemoryLibOptPei/BaseMemoryLibOptPei/OUTPUT/SetMem32Wrapper.obj
/Users/g5/Documents/GitHub/next-loader/src/edk2/UDK2018/MyWorkSpace/Build/NT32IA32/DEBUG_MYTOOLS/IA32/MdePkg/Library/BaseMemoryLibOptPei/BaseMemoryLibOptPei/OUTPUT/SetMem16Wrapper.obj
/Users/g5/Documents/GitHub/next-loader/src/edk2/UDK2018/MyWorkSpace/Build/NT32IA32/DEBUG_MYTOOLS/IA32/MdePkg/Library/BaseMemoryLibOptPei/BaseMemoryLibOptPei/OUTPUT/SetMemWrapper.obj
/Users/g5/Documents/GitHub/next-loader/src/edk2/UDK2018/MyWorkSpace/Build/NT32IA32/DEBUG_MYTOOLS/IA32/MdePkg/Library/BaseMemoryLibOptPei/BaseMemoryLibOptPei/OUTPUT/CopyMemWrapper.obj
/Users/g5/Documents/GitHub/next-loader/src/edk2/UDK2018/MyWorkSpace/Build/NT32IA32/DEBUG_MYTOOLS/IA32/MdePkg/Library/BaseMemoryLibOptPei/BaseMemoryLibOptPei/OUTPUT/IsZeroBufferWrapper.obj
/Users/g5/Documents/GitHub/next-loader/src/edk2/UDK2018/MyWorkSpace/Build/NT32IA32/DEBUG_MYTOOLS/IA32/MdePkg/Library/BaseMemoryLibOptPei/BaseMemoryLibOptPei/OUTPUT/MemLibGuid.obj