/Users/g5/Documents/GitHub/next-loader/src/edk2/UDK2018/MyWorkSpace/Build/NT32IA32/DEBUG_MYTOOLS/IA32/MdeModulePkg/Library/DxeReportStatusCodeLib/DxeReportStatusCodeLib/OUTPUT/DxeReportStatusCodeLib.lib
/Users/g5/Documents/GitHub/next-loader/src/edk2/UDK2018/MyWorkSpace/Build/NT32IA32/DEBUG_MYTOOLS/IA32/MdePkg/Library/DxePcdLib/DxePcdLib/OUTPUT/DxePcdLib.lib
/Users/g5/Documents/GitHub/next-loader/src/edk2/UDK2018/MyWorkSpace/Build/NT32IA32/DEBUG_MYTOOLS/IA32/MdePkg/Library/BaseMemoryLibOptDxe/BaseMemoryLibOptDxe/OUTPUT/BaseMemoryLibOptDxe.lib
/Users/g5/Documents/GitHub/next-loader/src/edk2/UDK2018/MyWorkSpace/Build/NT32IA32/DEBUG_MYTOOLS/IA32/MdeModulePkg/Library/PeiDxeDebugLibReportStatusCode/PeiDxeDebugLibReportStatusCode/OUTPUT/PeiDxeDebugLibReportStatusCode.lib
/Users/g5/Documents/GitHub/next-loader/src/edk2/UDK2018/MyWorkSpace/Build/NT32IA32/DEBUG_MYTOOLS/IA32/MdePkg/Library/BaseLib/BaseLib/OUTPUT/BaseLib.lib
/Users/g5/Documents/GitHub/next-loader/src/edk2/UDK2018/MyWorkSpace/Build/NT32IA32/DEBUG_MYTOOLS/IA32/MdePkg/Library/UefiBootServicesTableLib/UefiBootServicesTableLib/OUTPUT/UefiBootServicesTableLib.lib
/Users/g5/Documents/GitHub/next-loader/src/edk2/UDK2018/MyWorkSpace/Build/NT32IA32/DEBUG_MYTOOLS/IA32/MdePkg/Library/UefiMemoryAllocationLib/UefiMemoryAllocationLib/OUTPUT/UefiMemoryAllocationLib.lib
/Users/g5/Documents/GitHub/next-loader/src/edk2/UDK2018/MyWorkSpace/Build/NT32IA32/DEBUG_MYTOOLS/IA32/MdeModulePkg/Library/DxePrintLibPrint2Protocol/DxePrintLibPrint2Protocol/OUTPUT/DxePrintLibPrint2Protocol.lib
/Users/g5/Documents/GitHub/next-loader/src/edk2/UDK2018/MyWorkSpace/Build/NT32IA32/DEBUG_MYTOOLS/IA32/MdePkg/Library/UefiDevicePathLibDevicePathProtocol/UefiDevicePathLibDevicePathProtocol/OUTPUT/UefiDevicePathLibDevicePathProtocol.lib
/Users/g5/Documents/GitHub/next-loader/src/edk2/UDK2018/MyWorkSpace/Build/NT32IA32/DEBUG_MYTOOLS/IA32/MdePkg/Library/UefiRuntimeServicesTableLib/UefiRuntimeServicesTableLib/OUTPUT/UefiRuntimeServicesTableLib.lib
/Users/g5/Documents/GitHub/next-loader/src/edk2/UDK2018/MyWorkSpace/Build/NT32IA32/DEBUG_MYTOOLS/IA32/MdePkg/Library/UefiLib/UefiLib/OUTPUT/UefiLib.lib
/Users/g5/Documents/GitHub/next-loader/src/edk2/UDK2018/MyWorkSpace/Build/NT32IA32/DEBUG_MYTOOLS/IA32/MdePkg/Library/DxeHobLib/DxeHobLib/OUTPUT/DxeHobLib.lib
/Users/g5/Documents/GitHub/next-loader/src/edk2/UDK2018/MyWorkSpace/Build/NT32IA32/DEBUG_MYTOOLS/IA32/MdeModulePkg/Library/DxeDebugPrintErrorLevelLib/DxeDebugPrintErrorLevelLib/OUTPUT/DxeDebugPrintErrorLevelLib.lib
/Users/g5/Documents/GitHub/next-loader/src/edk2/UDK2018/MyWorkSpace/Build/NT32IA32/DEBUG_MYTOOLS/IA32/MdeModulePkg/Library/UefiHiiServicesLib/UefiHiiServicesLib/OUTPUT/UefiHiiServicesLib.lib
/Users/g5/Documents/GitHub/next-loader/src/edk2/UDK2018/MyWorkSpace/Build/NT32IA32/DEBUG_MYTOOLS/IA32/MdeModulePkg/Library/UefiSortLib/UefiSortLib/OUTPUT/UefiSortLib.lib
/Users/g5/Documents/GitHub/next-loader/src/edk2/UDK2018/MyWorkSpace/Build/NT32IA32/DEBUG_MYTOOLS/IA32/MdeModulePkg/Library/UefiHiiLib/UefiHiiLib/OUTPUT/UefiHiiLib.lib
/Users/g5/Documents/GitHub/next-loader/src/edk2/UDK2018/MyWorkSpace/Build/NT32IA32/DEBUG_MYTOOLS/IA32/MdePkg/Library/UefiFileHandleLib/UefiFileHandleLib/OUTPUT/UefiFileHandleLib.lib
/Users/g5/Documents/GitHub/next-loader/src/edk2/UDK2018/MyWorkSpace/Build/NT32IA32/DEBUG_MYTOOLS/IA32/MdePkg/Library/BasePeCoffGetEntryPointLib/BasePeCoffGetEntryPointLib/OUTPUT/BasePeCoffGetEntryPointLib.lib
/Users/g5/Documents/GitHub/next-loader/src/edk2/UDK2018/MyWorkSpace/Build/NT32IA32/DEBUG_MYTOOLS/IA32/MdePkg/Library/DxeServicesLib/DxeServicesLib/OUTPUT/DxeServicesLib.lib
/Users/g5/Documents/GitHub/next-loader/src/edk2/UDK2018/MyWorkSpace/Build/NT32IA32/DEBUG_MYTOOLS/IA32/MdePkg/Library/DxeServicesTableLib/DxeServicesTableLib/OUTPUT/DxeServicesTableLib.lib
/Users/g5/Documents/GitHub/next-loader/src/edk2/UDK2018/MyWorkSpace/Build/NT32IA32/DEBUG_MYTOOLS/IA32/MdePkg/Library/BasePerformanceLibNull/BasePerformanceLibNull/OUTPUT/BasePerformanceLibNull.lib
/Users/g5/Documents/GitHub/next-loader/src/edk2/UDK2018/MyWorkSpace/Build/NT32IA32/DEBUG_MYTOOLS/IA32/ShellPkg/Library/UefiShellLib/UefiShellLib/OUTPUT/UefiShellLib.lib
/Users/g5/Documents/GitHub/next-loader/src/edk2/UDK2018/MyWorkSpace/Build/NT32IA32/DEBUG_MYTOOLS/IA32/ShellPkg/Library/UefiHandleParsingLib/UefiHandleParsingLib/OUTPUT/UefiHandleParsingLib.lib
/Users/g5/Documents/GitHub/next-loader/src/edk2/UDK2018/MyWorkSpace/Build/NT32IA32/DEBUG_MYTOOLS/IA32/MdeModulePkg/Library/UefiBootManagerLib/UefiBootManagerLib/OUTPUT/UefiBootManagerLib.lib
/Users/g5/Documents/GitHub/next-loader/src/edk2/UDK2018/MyWorkSpace/Build/NT32IA32/DEBUG_MYTOOLS/IA32/ShellPkg/Library/UefiShellCommandLib/UefiShellCommandLib/OUTPUT/UefiShellCommandLib.lib
/Users/g5/Documents/GitHub/next-loader/src/edk2/UDK2018/MyWorkSpace/Build/NT32IA32/DEBUG_MYTOOLS/IA32/ShellPkg/Library/UefiShellBcfgCommandLib/UefiShellBcfgCommandLib/OUTPUT/UefiShellBcfgCommandLib.lib
/Users/g5/Documents/GitHub/next-loader/src/edk2/UDK2018/MyWorkSpace/Build/NT32IA32/DEBUG_MYTOOLS/IA32/MdePkg/Library/BaseIoLibIntrinsic/BaseIoLibIntrinsic/OUTPUT/BaseIoLibIntrinsic.lib
/Users/g5/Documents/GitHub/next-loader/src/edk2/UDK2018/MyWorkSpace/Build/NT32IA32/DEBUG_MYTOOLS/IA32/MdeModulePkg/Library/DxeNetLib/DxeNetLib/OUTPUT/DxeNetLib.lib
/Users/g5/Documents/GitHub/next-loader/src/edk2/UDK2018/MyWorkSpace/Build/NT32IA32/DEBUG_MYTOOLS/IA32/MdePkg/Library/UefiApplicationEntryPoint/UefiApplicationEntryPoint/OUTPUT/UefiApplicationEntryPoint.lib
/Users/g5/Documents/GitHub/next-loader/src/edk2/UDK2018/MyWorkSpace/Build/NT32IA32/DEBUG_MYTOOLS/IA32/ShellPkg/Library/UefiShellLevel2CommandsLib/UefiShellLevel2CommandsLib/OUTPUT/UefiShellLevel2CommandsLib.lib
/Users/g5/Documents/GitHub/next-loader/src/edk2/UDK2018/MyWorkSpace/Build/NT32IA32/DEBUG_MYTOOLS/IA32/ShellPkg/Library/UefiShellLevel1CommandsLib/UefiShellLevel1CommandsLib/OUTPUT/UefiShellLevel1CommandsLib.lib
/Users/g5/Documents/GitHub/next-loader/src/edk2/UDK2018/MyWorkSpace/Build/NT32IA32/DEBUG_MYTOOLS/IA32/ShellPkg/Library/UefiShellLevel3CommandsLib/UefiShellLevel3CommandsLib/OUTPUT/UefiShellLevel3CommandsLib.lib
/Users/g5/Documents/GitHub/next-loader/src/edk2/UDK2018/MyWorkSpace/Build/NT32IA32/DEBUG_MYTOOLS/IA32/ShellPkg/Library/UefiShellDriver1CommandsLib/UefiShellDriver1CommandsLib/OUTPUT/UefiShellDriver1CommandsLib.lib
/Users/g5/Documents/GitHub/next-loader/src/edk2/UDK2018/MyWorkSpace/Build/NT32IA32/DEBUG_MYTOOLS/IA32/ShellPkg/Library/UefiShellInstall1CommandsLib/UefiShellInstall1CommandsLib/OUTPUT/UefiShellInstall1CommandsLib.lib
/Users/g5/Documents/GitHub/next-loader/src/edk2/UDK2018/MyWorkSpace/Build/NT32IA32/DEBUG_MYTOOLS/IA32/ShellPkg/Library/UefiShellDebug1CommandsLib/UefiShellDebug1CommandsLib/OUTPUT/UefiShellDebug1CommandsLib.lib
/Users/g5/Documents/GitHub/next-loader/src/edk2/UDK2018/MyWorkSpace/Build/NT32IA32/DEBUG_MYTOOLS/IA32/ShellPkg/Library/UefiShellNetwork1CommandsLib/UefiShellNetwork1CommandsLib/OUTPUT/UefiShellNetwork1CommandsLib.lib
/Users/g5/Documents/GitHub/next-loader/src/edk2/UDK2018/MyWorkSpace/Build/NT32IA32/DEBUG_MYTOOLS/IA32/ShellPkg/Library/UefiShellNetwork2CommandsLib/UefiShellNetwork2CommandsLib/OUTPUT/UefiShellNetwork2CommandsLib.lib
/Users/g5/Documents/GitHub/next-loader/src/edk2/UDK2018/MyWorkSpace/Build/NT32IA32/DEBUG_MYTOOLS/IA32/ShellPkg/Application/Shell/Shell/OUTPUT/Shell.lib